Error: Cannot find application file "./d2q9-bgk".
Running on host node31-029
<<<<<<< HEAD
Time is Thu Oct 27 12:16:14 BST 2016
Directory is /panfs/panasas01/intl/hs16844/UoB-HPC-LBM-2016
PBS job ID is 5011832.master.cm.cluster
=======
Time is Wed Oct 26 22:33:52 BST 2016
Directory is /panfs/panasas01/intl/hs16844/UoB-HPC-LBM-2016
PBS job ID is 5009389.master.cm.cluster
>>>>>>> 25d4f1b1a7ac3dbf8e8f875cf157c40a7dc4b369
This jobs runs on the following machines:
node31-029
==done==
Reynolds number:		1.007703420249E+01
<<<<<<< HEAD
Elapsed time:			21.235772 (s)
Elapsed user CPU time:		338.362561 (s)
Elapsed system CPU time:	0.456930 (s)
=======
Elapsed time:			21.438581 (s)
Elapsed user CPU time:		341.735048 (s)
Elapsed system CPU time:	0.239963 (s)
>>>>>>> 25d4f1b1a7ac3dbf8e8f875cf157c40a7dc4b369
